c:\_projekty\_cpp\vs\collatz_counter\collatz_counter\debug\collatz_counter.pch
c:\_projekty\_cpp\vs\collatz_counter\collatz_counter\debug\vc141.pdb
c:\_projekty\_cpp\vs\collatz_counter\collatz_counter\debug\vc141.idb
c:\_projekty\_cpp\vs\collatz_counter\collatz_counter\debug\stdafx.obj
c:\_projekty\_cpp\vs\collatz_counter\collatz_counter\debug\collatz_counter.obj
c:\_projekty\_cpp\vs\collatz_counter\collatz_counter\debug\vectorc.obj
c:\_projekty\_cpp\vs\collatz_counter\debug\collatz_counter.pdb
c:\_projekty\_cpp\vs\collatz_counter\collatz_counter\debug\collatz_counter.tlog\cl.command.1.tlog
c:\_projekty\_cpp\vs\collatz_counter\collatz_counter\debug\collatz_counter.tlog\cl.read.1.tlog
c:\_projekty\_cpp\vs\collatz_counter\collatz_counter\debug\collatz_counter.tlog\cl.write.1.tlog
c:\_projekty\_cpp\vs\collatz_counter\collatz_counter\debug\collatz_counter.tlog\link-cvtres.read.1.tlog
c:\_projekty\_cpp\vs\collatz_counter\collatz_counter\debug\collatz_counter.tlog\link-cvtres.write.1.tlog
c:\_projekty\_cpp\vs\collatz_counter\collatz_counter\debug\collatz_counter.tlog\link-rc.read.1.tlog
c:\_projekty\_cpp\vs\collatz_counter\collatz_counter\debug\collatz_counter.tlog\link-rc.write.1.tlog
c:\_projekty\_cpp\vs\collatz_counter\collatz_counter\debug\collatz_counter.tlog\link.14476-cvtres.read.1.tlog
c:\_projekty\_cpp\vs\collatz_counter\collatz_counter\debug\collatz_counter.tlog\link.14476-cvtres.write.1.tlog
c:\_projekty\_cpp\vs\collatz_counter\collatz_counter\debug\collatz_counter.tlog\link.14476-rc.read.1.tlog
c:\_projekty\_cpp\vs\collatz_counter\collatz_counter\debug\collatz_counter.tlog\link.14476-rc.write.1.tlog
c:\_projekty\_cpp\vs\collatz_counter\collatz_counter\debug\collatz_counter.tlog\link.14476.read.1.tlog
c:\_projekty\_cpp\vs\collatz_counter\collatz_counter\debug\collatz_counter.tlog\link.14476.write.1.tlog
c:\_projekty\_cpp\vs\collatz_counter\collatz_counter\debug\collatz_counter.tlog\link.command.1.tlog
c:\_projekty\_cpp\vs\collatz_counter\collatz_counter\debug\collatz_counter.tlog\link.read.1.tlog
c:\_projekty\_cpp\vs\collatz_counter\collatz_counter\debug\collatz_counter.tlog\link.write.1.tlog
